0 info it worked if it ends with ok
1 verbose cli [ 'node', '/usr/local/bin/npm', 'install' ]
2 info using npm@1.3.14
3 info using node@v0.10.22
4 warn package.json verifone@0.1.0 No repository field.
5 verbose readDependencies using package.json deps
6 verbose install where, deps [ '/Users/Tyler/Nebo/frontend/front-end-template',
6 verbose install   [ 'grunt',
6 verbose install     'grunt-contrib-watch',
6 verbose install     'grunt-contrib-uglify',
6 verbose install     'normalize-css',
6 verbose install     'grunt-contrib-connect',
6 verbose install     'grunt-contrib-compass',
6 verbose install     'grunt-usemin',
6 verbose install     'grunt-contrib-concat',
6 verbose install     'grunt-contrib-cssmin',
6 verbose install     'grunt-contrib-clean',
6 verbose install     'grunt-contrib-copy' ] ]
7 info preinstall verifone@0.1.0
8 verbose readDependencies using package.json deps
9 verbose already installed skipping grunt-contrib-uglify@~0.3.2 /Users/Tyler/Nebo/frontend/front-end-template
10 verbose already installed skipping grunt@~0.4.2 /Users/Tyler/Nebo/frontend/front-end-template
11 verbose already installed skipping grunt-contrib-watch@~0.5.3 /Users/Tyler/Nebo/frontend/front-end-template
12 verbose cache add [ 'normalize-css@~2.1.3', null ]
13 verbose cache add name=undefined spec="normalize-css@~2.1.3" args=["normalize-css@~2.1.3",null]
14 verbose parsed url { protocol: null,
14 verbose parsed url   slashes: null,
14 verbose parsed url   auth: null,
14 verbose parsed url   host: null,
14 verbose parsed url   port: null,
14 verbose parsed url   hostname: null,
14 verbose parsed url   hash: null,
14 verbose parsed url   search: null,
14 verbose parsed url   query: null,
14 verbose parsed url   pathname: 'normalize-css@~2.1.3',
14 verbose parsed url   path: 'normalize-css@~2.1.3',
14 verbose parsed url   href: 'normalize-css@~2.1.3' }
15 verbose cache add name="normalize-css" spec="~2.1.3" args=["normalize-css","~2.1.3"]
16 verbose parsed url { protocol: null,
16 verbose parsed url   slashes: null,
16 verbose parsed url   auth: null,
16 verbose parsed url   host: null,
16 verbose parsed url   port: null,
16 verbose parsed url   hostname: null,
16 verbose parsed url   hash: null,
16 verbose parsed url   search: null,
16 verbose parsed url   query: null,
16 verbose parsed url   pathname: '~2.1.3',
16 verbose parsed url   path: '~2.1.3',
16 verbose parsed url   href: '~2.1.3' }
17 verbose addNamed [ 'normalize-css', '~2.1.3' ]
18 verbose addNamed [ null, '>=2.1.3-0 <2.2.0-0' ]
19 verbose already installed skipping grunt-contrib-connect@~0.6.0 /Users/Tyler/Nebo/frontend/front-end-template
20 verbose already installed skipping grunt-contrib-compass@~0.7.1 /Users/Tyler/Nebo/frontend/front-end-template
21 verbose already installed skipping grunt-usemin@~2.0.2 /Users/Tyler/Nebo/frontend/front-end-template
22 silly lockFile 28da361c-normalize-css-2-1-3 normalize-css@~2.1.3
23 verbose lock normalize-css@~2.1.3 /Users/Tyler/.npm/28da361c-normalize-css-2-1-3.lock
24 verbose already installed skipping grunt-contrib-concat@~0.3.0 /Users/Tyler/Nebo/frontend/front-end-template
25 verbose already installed skipping grunt-contrib-cssmin@~0.7.0 /Users/Tyler/Nebo/frontend/front-end-template
26 verbose already installed skipping grunt-contrib-clean@~0.5.0 /Users/Tyler/Nebo/frontend/front-end-template
27 silly addNameRange { name: 'normalize-css',
27 silly addNameRange   range: '>=2.1.3-0 <2.2.0-0',
27 silly addNameRange   hasData: false }
28 verbose already installed skipping grunt-contrib-copy@~0.5.0 /Users/Tyler/Nebo/frontend/front-end-template
29 verbose url raw normalize-css
30 verbose url resolving [ 'https://registry.npmjs.org/', './normalize-css' ]
31 verbose url resolved https://registry.npmjs.org/normalize-css
32 info trying registry request attempt 1 at 18:20:24
33 verbose etag "674KDAVX02X76RNG541VJMYW2"
34 http GET https://registry.npmjs.org/normalize-css
35 http 304 https://registry.npmjs.org/normalize-css
36 silly registry.get cb [ 304,
36 silly registry.get   { date: 'Fri, 31 Jan 2014 23:20:24 GMT',
36 silly registry.get     server: 'Apache',
36 silly registry.get     connection: 'Keep-Alive',
36 silly registry.get     'keep-alive': 'timeout=10, max=50',
36 silly registry.get     etag: '"674KDAVX02X76RNG541VJMYW2"',
36 silly registry.get     vary: 'Accept' } ]
37 verbose etag normalize-css from cache
38 silly addNameRange number 2 { name: 'normalize-css',
38 silly addNameRange   range: '>=2.1.3-0 <2.2.0-0',
38 silly addNameRange   hasData: true }
39 silly addNameRange versions [ 'normalize-css', [ '2.1.0', '2.2.0', '2.3.0' ] ]
40 silly lockFile 28da361c-normalize-css-2-1-3 normalize-css@~2.1.3
41 silly lockFile 28da361c-normalize-css-2-1-3 normalize-css@~2.1.3
42 error notarget No compatible version found: normalize-css@'>=2.1.3-0 <2.2.0-0'
42 error notarget Valid install targets:
42 error notarget ["2.1.0","2.2.0","2.3.0"]
42 error notarget
42 error notarget This is most likely not a problem with npm itself.
42 error notarget In most cases you or one of your dependencies are requesting
42 error notarget a package version that doesn't exist.
43 error System Darwin 13.0.0
44 error command "node" "/usr/local/bin/npm" "install"
45 error cwd /Users/Tyler/Nebo/frontend/front-end-template
46 error node -v v0.10.22
47 error npm -v 1.3.14
48 error code ETARGET
49 verbose exit [ 1, true ]
